<?xml version="1.0" encoding="UTF-8"?>
<!-- Generated by org.testng.reporters.JUnitReportReporter -->
<testsuite hostname="WKSPUN05GTR1628" failures="0" tests="8" name="TC01.TCSCRIPT01" time="0.018" errors="0" timestamp="2026-01-15T10:25:34 IST" skipped="0">
  <testcase classname="TC01.TCSCRIPT01" name="f" time="0.002"/>
  <testcase classname="TC01.TCSCRIPT01" name="f1" time="0.002"/>
  <testcase classname="TC01.TCSCRIPT01" name="f1" time="0.002"/>
  <testcase classname="TC01.TCSCRIPT01" name="f" time="0.001"/>
  <testcase classname="TC01.TCSCRIPT01" name="f1" time="0.001"/>
  <testcase classname="TC01.TCSCRIPT01" name="f" time="0.007"/>
  <testcase classname="TC01.TCSCRIPT01" name="f1" time="0.002"/>
  <testcase classname="TC01.TCSCRIPT01" name="f" time="0.001"/>
</testsuite> <!-- TC01.TCSCRIPT01 -->
