<?xml version="1.0" encoding="UTF-8"?>
<testng-results ignored="0" total="1" passed="1" failed="0" skipped="0">
  <reporter-output>
  </reporter-output>
  <suite started-at="2026-01-23T15:04:19 IST" name="Default suite" finished-at="2026-01-23T15:04:19 IST" duration-ms="69">
    <groups>
    </groups>
    <test started-at="2026-01-23T15:04:19 IST" name="Default test" finished-at="2026-01-23T15:04:19 IST" duration-ms="69">
      <class name="TC01.soft_assert">
        <test-method signature="testMultipleValidation()[pri:0, instance:TC01.soft_assert@7bab3f1a]" started-at="2026-01-23T15:04:19 IST" name="testMultipleValidation" finished-at="2026-01-23T15:04:19 IST" duration-ms="29" status="PASS">
          <reporter-output>
          </reporter-output>
        </test-method> <!-- testMultipleValidation -->
      </class> <!-- TC01.soft_assert -->
    </test> <!-- Default test -->
  </suite> <!-- Default suite -->
</testng-results>
