<?xml version="1.0" encoding="UTF-8"?>
<testng-results ignored="0" total="2" passed="2" failed="0" skipped="0">
  <reporter-output>
  </reporter-output>
  <suite started-at="2026-01-27T12:06:29 IST" name="Default suite" finished-at="2026-01-27T12:06:29 IST" duration-ms="693">
    <groups>
      <group name="cucumber">
        <method signature="AbstractTestNGCucumberTests.runScenario(io.cucumber.testng.PickleWrapper,io.cucumber.testng.FeatureWrapper)[pri:0, instance:bdd1.NewTest@47d9a273]" name="runScenario" class="io.cucumber.testng.AbstractTestNGCucumberTests"/>
      </group> <!-- cucumber -->
    </groups>
    <test started-at="2026-01-27T12:06:29 IST" name="Default test" finished-at="2026-01-27T12:06:29 IST" duration-ms="693">
      <class name="bdd1.NewTest">
        <test-method is-config="true" signature="setUpClass()[pri:0, instance:bdd1.NewTest@47d9a273]" started-at="2026-01-27T12:06:29 IST" name="setUpClass" finished-at="2026-01-27T12:06:29 IST" duration-ms="419" status="PASS">
          <reporter-output>
          </reporter-output>
        </test-method> <!-- setUpClass -->
        <test-method signature="runScenario(io.cucumber.testng.PickleWrapper,io.cucumber.testng.FeatureWrapper)[pri:0, instance:bdd1.NewTest@47d9a273]" started-at="2026-01-27T12:06:29 IST" name="runScenario" description="Runs Cucumber Scenarios" data-provider="scenarios" finished-at="2026-01-27T12:06:29 IST" duration-ms="148" status="PASS">
          <params>
            <param index="0">
              <value>
                <![CDATA["I want to mention my firstname as input"]]>
              </value>
            </param>
            <param index="1">
              <value>
                <![CDATA["Optional[To test the basic calculator]"]]>
              </value>
            </param>
          </params>
          <reporter-output>
          </reporter-output>
        </test-method> <!-- runScenario -->
        <test-method signature="runScenario(io.cucumber.testng.PickleWrapper,io.cucumber.testng.FeatureWrapper)[pri:0, instance:bdd1.NewTest@47d9a273]" started-at="2026-01-27T12:06:29 IST" name="runScenario" description="Runs Cucumber Scenarios" data-provider="scenarios" finished-at="2026-01-27T12:06:29 IST" duration-ms="9" status="PASS">
          <params>
            <param index="0">
              <value>
                <![CDATA["I want to mention my firstname as input"]]>
              </value>
            </param>
            <param index="1">
              <value>
                <![CDATA["Optional[To test the basic calculator]"]]>
              </value>
            </param>
          </params>
          <reporter-output>
          </reporter-output>
        </test-method> <!-- runScenario -->
        <test-method is-config="true" signature="tearDownClass()[pri:0, instance:bdd1.NewTest@47d9a273]" started-at="2026-01-27T12:06:29 IST" name="tearDownClass" finished-at="2026-01-27T12:06:29 IST" duration-ms="82" status="PASS">
          <reporter-output>
          </reporter-output>
        </test-method> <!-- tearDownClass -->
      </class> <!-- bdd1.NewTest -->
    </test> <!-- Default test -->
  </suite> <!-- Default suite -->
</testng-results>
