<?xml version="1.0" encoding="UTF-8"?>
<testng-results ignored="0" total="1" passed="1" failed="0" skipped="0">
  <reporter-output>
  </reporter-output>
  <suite started-at="2026-01-28T10:07:09 IST" name="Default suite" finished-at="2026-01-28T10:07:23 IST" duration-ms="13692">
    <groups>
      <group name="cucumber">
        <method signature="AbstractTestNGCucumberTests.runScenario(io.cucumber.testng.PickleWrapper,io.cucumber.testng.FeatureWrapper)[pri:0, instance:Runner.smoketest001@534a5a98]" name="runScenario" class="io.cucumber.testng.AbstractTestNGCucumberTests"/>
      </group> <!-- cucumber -->
    </groups>
    <test started-at="2026-01-28T10:07:09 IST" name="Default test" finished-at="2026-01-28T10:07:23 IST" duration-ms="13692">
      <class name="Runner.smoketest001">
        <test-method is-config="true" signature="setUpClass()[pri:0, instance:Runner.smoketest001@534a5a98]" started-at="2026-01-28T10:07:09 IST" name="setUpClass" finished-at="2026-01-28T10:07:10 IST" duration-ms="409" status="PASS">
          <reporter-output>
          </reporter-output>
        </test-method> <!-- setUpClass -->
        <test-method signature="runScenario(io.cucumber.testng.PickleWrapper,io.cucumber.testng.FeatureWrapper)[pri:0, instance:Runner.smoketest001@534a5a98]" started-at="2026-01-28T10:07:10 IST" name="runScenario" description="Runs Cucumber Scenarios" data-provider="scenarios" finished-at="2026-01-28T10:07:23 IST" duration-ms="13033" status="PASS">
          <params>
            <param index="0">
              <value>
                <![CDATA["Verify the documentation"]]>
              </value>
            </param>
            <param index="1">
              <value>
                <![CDATA["Optional[cucumber.io documentation page testing]"]]>
              </value>
            </param>
          </params>
          <reporter-output>
          </reporter-output>
        </test-method> <!-- runScenario -->
        <test-method is-config="true" signature="tearDownClass()[pri:0, instance:Runner.smoketest001@534a5a98]" started-at="2026-01-28T10:07:23 IST" name="tearDownClass" finished-at="2026-01-28T10:07:23 IST" duration-ms="191" status="PASS">
          <reporter-output>
          </reporter-output>
        </test-method> <!-- tearDownClass -->
      </class> <!-- Runner.smoketest001 -->
    </test> <!-- Default test -->
  </suite> <!-- Default suite -->
</testng-results>
